<?xml version="1.0" encoding="UTF-8"?>
<!-- Generated by org.testng.reporters.JUnitReportReporter -->
<testsuite hostname="anand-HP-Notebook" failures="0" tests="5" name="com.amazon.automateTest.checkSignInTest" time="0.167" errors="0" timestamp="23 Feb 2021 19:34:57 GMT" skipped="0">
  <testcase classname="com.amazon.automateTest.checkSignInTest" name="checkContinue" time="0.031"/>
  <testcase classname="com.amazon.automateTest.checkSignInTest" name="checkSignInText" time="0.038"/>
  <testcase classname="com.amazon.automateTest.checkSignInTest" name="checkCreateNew" time="0.029"/>
  <testcase classname="com.amazon.automateTest.checkSignInTest" name="checkEmailOrPhone" time="0.032"/>
  <testcase classname="com.amazon.automateTest.checkSignInTest" name="checkAgreement" time="0.037"/>
</testsuite> <!-- com.amazon.automateTest.checkSignInTest -->
