<?xml version="1.0" encoding="UTF-8"?>
<!-- Generated by org.testng.reporters.JUnitReportReporter -->
<testsuite hostname="anand-HP-Notebook" failures="0" tests="2" name="com.amazon.automateTest.CheckProductTest" time="32.785" errors="0" timestamp="24 Feb 2021 21:32:47 GMT" skipped="0">
  <testcase classname="com.amazon.automateTest.CheckProductTest" name="checkProductInSearch" time="14.308"/>
  <testcase classname="com.amazon.automateTest.CheckProductTest" name="checkProductInPage" time="18.477"/>
</testsuite> <!-- com.amazon.automateTest.CheckProductTest -->
