<?xml version="1.0" encoding="UTF-8"?>
<!-- Generated by org.testng.reporters.JUnitReportReporter -->
<testsuite hostname="anand-HP-Notebook" failures="0" tests="5" name="com.amazon.automateTest.NotSignedInHomeTest" time="1.297" errors="0" timestamp="23 Feb 2021 19:07:15 GMT" skipped="0">
  <testcase classname="com.amazon.automateTest.NotSignedInHomeTest" name="testLogo" time="0.049"/>
  <testcase classname="com.amazon.automateTest.NotSignedInHomeTest" name="testCartCount" time="0.050"/>
  <testcase classname="com.amazon.automateTest.NotSignedInHomeTest" name="testAddress" time="0.223"/>
  <testcase classname="com.amazon.automateTest.NotSignedInHomeTest" name="testSignInButton" time="0.719"/>
  <testcase classname="com.amazon.automateTest.NotSignedInHomeTest" name="testSignin" time="0.256"/>
</testsuite> <!-- com.amazon.automateTest.NotSignedInHomeTest -->
