<?xml version="1.0" encoding="UTF-8"?>
<!-- Generated by org.testng.reporters.JUnitReportReporter -->
<testsuite hostname="anand-HP-Notebook" failures="0" tests="5" name="com.amazon.automateTest.checkSignInTest" time="0.214" errors="0" timestamp="01 Mar 2021 10:24:57 GMT" skipped="0">
  <testcase classname="com.amazon.automateTest.checkSignInTest" name="checkSignInText" time="0.039"/>
  <testcase classname="com.amazon.automateTest.checkSignInTest" name="checkCreateNew" time="0.051"/>
  <testcase classname="com.amazon.automateTest.checkSignInTest" name="checkAgreement" time="0.039"/>
  <testcase classname="com.amazon.automateTest.checkSignInTest" name="checkContinue" time="0.047"/>
  <testcase classname="com.amazon.automateTest.checkSignInTest" name="checkEmailOrPhone" time="0.038"/>
</testsuite> <!-- com.amazon.automateTest.checkSignInTest -->
