<?xml version="1.0" encoding="UTF-8"?>
<!-- Generated by org.testng.reporters.JUnitReportReporter -->
<testsuite hostname="anand-HP-Notebook" failures="0" tests="3" name="com.amazon.automateTest.CheckCreateNewTest" time="0.479" errors="0" timestamp="23 Feb 2021 19:34:57 GMT" skipped="0">
  <testcase classname="com.amazon.automateTest.CheckCreateNewTest" name="checkPasswordSug" time="0.033"/>
  <testcase classname="com.amazon.automateTest.CheckCreateNewTest" name="validateTexts" time="0.247"/>
  <testcase classname="com.amazon.automateTest.CheckCreateNewTest" name="checkLabels" time="0.199"/>
</testsuite> <!-- com.amazon.automateTest.CheckCreateNewTest -->
