<?xml version="1.0" encoding="UTF-8"?>
<!-- Generated by org.testng.reporters.JUnitReportReporter -->
<testsuite hostname="anand-HP-Notebook" failures="0" tests="1" name="com.amazon.automateTest.SignInActionTest" time="3.787" errors="0" timestamp="23 Feb 2021 19:07:15 GMT" skipped="0">
  <testcase classname="com.amazon.automateTest.SignInActionTest" name="loginUsers" time="3.787"/>
</testsuite> <!-- com.amazon.automateTest.SignInActionTest -->
