<?xml version="1.0" encoding="UTF-8"?>
<!-- Generated by org.testng.reporters.JUnitReportReporter -->
<testsuite hostname="anand-HP-Notebook" failures="0" tests="5" name="com.amazon.automateTest.NotSignedInHomeTest" time="1.448" errors="0" timestamp="01 Mar 2021 10:24:57 GMT" skipped="0">
  <testcase classname="com.amazon.automateTest.NotSignedInHomeTest" name="testAddress" time="0.497"/>
  <testcase classname="com.amazon.automateTest.NotSignedInHomeTest" name="testSignin" time="0.318"/>
  <testcase classname="com.amazon.automateTest.NotSignedInHomeTest" name="testCartCount" time="0.053"/>
  <testcase classname="com.amazon.automateTest.NotSignedInHomeTest" name="testSignInButton" time="0.534"/>
  <testcase classname="com.amazon.automateTest.NotSignedInHomeTest" name="testLogo" time="0.046"/>
</testsuite> <!-- com.amazon.automateTest.NotSignedInHomeTest -->
