<?xml version="1.0" encoding="UTF-8"?>
<!-- Generated by org.testng.reporters.JUnitReportReporter -->
<testsuite hostname="anand-HP-Notebook" failures="0" tests="1" name="com.amazon.automateTest.SignInActionTest" time="6.387" errors="0" timestamp="01 Mar 2021 10:24:57 GMT" skipped="0">
  <testcase classname="com.amazon.automateTest.SignInActionTest" name="loginUsers" time="6.387"/>
</testsuite> <!-- com.amazon.automateTest.SignInActionTest -->
