<?xml version="1.0" encoding="UTF-8"?>
<!-- Generated by org.testng.reporters.JUnitReportReporter -->
<testsuite hostname="anand-HP-Notebook" failures="0" tests="3" name="com.amazon.automateTest.CheckCreateNewTest" time="0.535" errors="0" timestamp="01 Mar 2021 10:24:57 GMT" skipped="0">
  <testcase classname="com.amazon.automateTest.CheckCreateNewTest" name="checkPasswordSug" time="0.034"/>
  <testcase classname="com.amazon.automateTest.CheckCreateNewTest" name="validateTexts" time="0.286"/>
  <testcase classname="com.amazon.automateTest.CheckCreateNewTest" name="checkLabels" time="0.215"/>
</testsuite> <!-- com.amazon.automateTest.CheckCreateNewTest -->
