<?xml version="1.0" encoding="UTF-8"?>
<!-- Generated by org.testng.reporters.JUnitReportReporter -->
<testsuite hostname="anand-HP-Notebook" failures="0" tests="1" name="com.amazon.automateTest.AppTest" time="0.039" errors="0" timestamp="19 Feb 2021 13:04:25 GMT" skipped="0">
  <testcase classname="com.amazon.automateTest.AppTest" name="shouldAnswerWithTrue" time="0.039"/>
</testsuite> <!-- com.amazon.automateTest.AppTest -->
